<?xml version="1.0" encoding="UTF-8"?>
<!-- Generated by org.testng.reporters.JUnitReportReporter -->
<testsuite hostname="vasu-PC" name="com.testng.OrangHRMLogin" tests="1" failures="0" timestamp="25 Apr 2018 03:47:38 GMT" time="3.346" errors="0">
  <testcase name="appLogin" time="3.346" classname="com.testng.OrangHRMLogin"/>
</testsuite> <!-- com.testng.OrangHRMLogin -->
