<?xml version="1.0" encoding="UTF-8"?>
<!-- Generated by org.testng.reporters.JUnitReportReporter -->
<testsuite hostname="vasu-PC" name="com.testng.RadioButtonsTest" tests="1" failures="0" timestamp="25 Apr 2018 03:24:33 GMT" time="12.618" errors="0">
  <testcase name="radio" time="12.618" classname="com.testng.RadioButtonsTest"/>
</testsuite> <!-- com.testng.RadioButtonsTest -->
