<?xml version="1.0" encoding="UTF-8"?>
<!-- Generated by org.testng.reporters.JUnitReportReporter -->
<testsuite hostname="vasu-PC" name="com.testng.AnnotationsTest" tests="2" failures="0" timestamp="25 Apr 2018 03:24:33 GMT" time="0.005" errors="0">
  <testcase name="testMethod1" time="0.001" classname="com.testng.AnnotationsTest"/>
  <testcase name="testMethod2" time="0.004" classname="com.testng.AnnotationsTest"/>
</testsuite> <!-- com.testng.AnnotationsTest -->
