<?xml version="1.0" encoding="UTF-8"?>
<!-- Generated by org.testng.reporters.JUnitReportReporter -->
<testsuite hostname="vasu-PC" name="com.testng.AdminLoginTest" tests="1" failures="0" timestamp="25 Apr 2018 03:43:48 GMT" time="14.933" errors="0">
  <testcase name="appLaunch" time="14.933" classname="com.testng.AdminLoginTest"/>
</testsuite> <!-- com.testng.AdminLoginTest -->
