<?xml version="1.0" encoding="UTF-8"?>
<!-- Generated by org.testng.reporters.JUnitReportReporter -->
<testsuite hostname="vasu-PC" name="com.testng.FirstTestNg" tests="1" failures="0" timestamp="25 Apr 2018 03:24:33 GMT" time="0.001" errors="0">
  <testcase name="sample" time="0.001" classname="com.testng.FirstTestNg"/>
</testsuite> <!-- com.testng.FirstTestNg -->
