<?xml version="1.0" encoding="UTF-8"?>
<!-- Generated by org.testng.reporters.JUnitReportReporter -->
<testsuite hostname="vasu-PC" name="com.testng.MultipleTestCaseTestNg" tests="3" failures="0" timestamp="25 Apr 2018 03:24:33 GMT" time="0.004" errors="0">
  <testcase name="appClose" time="0.001" classname="com.testng.MultipleTestCaseTestNg"/>
  <testcase name="appLaunch" time="0.001" classname="com.testng.MultipleTestCaseTestNg"/>
  <testcase name="appLogin" time="0.002" classname="com.testng.MultipleTestCaseTestNg"/>
</testsuite> <!-- com.testng.MultipleTestCaseTestNg -->
